<?xml version="1.0" encoding="UTF-8"?>
<log>
<logentry
   revision="4">
<author>edmund_wagner</author>
<date>2009-04-11T13:37:02.328895Z</date>
<paths>
<path
   action="A"
   prop-mods="true"
   text-mods="false"
   kind="">/trunk/plugins/net.sourceforge.svnmonitor.base</path>
<path
   action="A"
   prop-mods="false"
   text-mods="true"
   kind="">/trunk/plugins/net.sourceforge.svnmonitor.base/.classpath</path>
<path
   text-mods="true"
   kind=""
   action="A"
   prop-mods="false">/trunk/plugins/net.sourceforge.svnmonitor.base/.project</path>
<path
   text-mods="false"
   kind=""
   action="A"
   prop-mods="false">/trunk/plugins/net.sourceforge.svnmonitor.base/META-INF</path>
<path
   prop-mods="false"
   text-mods="true"
   kind=""
   action="A">/trunk/plugins/net.sourceforge.svnmonitor.base/META-INF/MANIFEST.MF</path>
<path
   prop-mods="false"
   text-mods="true"
   kind=""
   action="A">/trunk/plugins/net.sourceforge.svnmonitor.base/build.properties</path>
<path
   action="A"
   prop-mods="false"
   text-mods="false"
   kind="">/trunk/plugins/net.sourceforge.svnmonitor.base/src</path>
<path
   kind=""
   action="A"
   prop-mods="false"
   text-mods="false">/trunk/plugins/net.sourceforge.svnmonitor.base/src/net</path>
<path
   action="A"
   prop-mods="false"
   text-mods="false"
   kind="">/trunk/plugins/net.sourceforge.svnmonitor.base/src/net/sourceforge</path>
<path
   text-mods="false"
   kind=""
   action="A"
   prop-mods="false">/trunk/plugins/net.sourceforge.svnmonitor.base/src/net/sourceforge/svnmonitor</path>
<path
   text-mods="false"
   kind=""
   action="A"
   prop-mods="false">/trunk/plugins/net.sourceforge.svnmonitor.base/src/net/sourceforge/svnmonitor/base</path>
<path
   action="A"
   prop-mods="false"
   text-mods="true"
   kind="">/trunk/plugins/net.sourceforge.svnmonitor.base/src/net/sourceforge/svnmonitor/base/BaseActivator.java</path>
<path
   prop-mods="false"
   text-mods="false"
   kind=""
   action="A">/trunk/plugins/net.sourceforge.svnmonitor.base/src/net/sourceforge/svnmonitor/base/osgi</path>
<path
   action="A"
   prop-mods="false"
   text-mods="true"
   kind="">/trunk/plugins/net.sourceforge.svnmonitor.base/src/net/sourceforge/svnmonitor/base/osgi/BaseServiceTrackerWrapper.java</path>
<path
   text-mods="true"
   kind=""
   action="M"
   prop-mods="false">/trunk/plugins/net.sourceforge.svnmonitor.model/META-INF/MANIFEST.MF</path>
<path
   action="D"
   prop-mods="false"
   text-mods="false"
   kind="">/trunk/plugins/net.sourceforge.svnmonitor.model/src/net/sourceforge/svnmonitor/model/Activator.java</path>
<path
   action="A"
   prop-mods="false"
   text-mods="true"
   kind="">/trunk/plugins/net.sourceforge.svnmonitor.model/src/net/sourceforge/svnmonitor/model/IRepoModel.java</path>
<path
   kind=""
   action="A"
   prop-mods="false"
   text-mods="true">/trunk/plugins/net.sourceforge.svnmonitor.model/src/net/sourceforge/svnmonitor/model/IRepoModelListener.java</path>
<path
   action="A"
   prop-mods="false"
   text-mods="true"
   kind="">/trunk/plugins/net.sourceforge.svnmonitor.model/src/net/sourceforge/svnmonitor/model/IRepository.java</path>
<path
   text-mods="true"
   kind=""
   action="A"
   prop-mods="false">/trunk/plugins/net.sourceforge.svnmonitor.model/src/net/sourceforge/svnmonitor/model/IRepositoryItem.java</path>
<path
   text-mods="true"
   kind=""
   action="A"
   prop-mods="false">/trunk/plugins/net.sourceforge.svnmonitor.model/src/net/sourceforge/svnmonitor/model/ModelActivator.java</path>
<path
   action="A"
   prop-mods="false"
   text-mods="true"
   kind="">/trunk/plugins/net.sourceforge.svnmonitor.model/src/net/sourceforge/svnmonitor/model/RepoFolder.java</path>
<path
   prop-mods="false"
   text-mods="true"
   kind=""
   action="A">/trunk/plugins/net.sourceforge.svnmonitor.model/src/net/sourceforge/svnmonitor/model/RepoModelTrackerWrapper.java</path>
<path
   action="A"
   prop-mods="false"
   text-mods="true"
   kind="">/trunk/plugins/net.sourceforge.svnmonitor.model/src/net/sourceforge/svnmonitor/model/Repository.java</path>
<path
   action="A"
   prop-mods="false"
   text-mods="false"
   kind="">/trunk/plugins/net.sourceforge.svnmonitor.model/src/net/sourceforge/svnmonitor/model/impl</path>
<path
   text-mods="true"
   kind=""
   action="A"
   prop-mods="false">/trunk/plugins/net.sourceforge.svnmonitor.model/src/net/sourceforge/svnmonitor/model/impl/RepoModel.java</path>
<path
   action="M"
   prop-mods="false"
   text-mods="true"
   kind="">/trunk/plugins/net.sourceforge.svnmonitor.repoview/META-INF/MANIFEST.MF</path>
<path
   kind=""
   action="A"
   prop-mods="false"
   text-mods="false">/trunk/plugins/net.sourceforge.svnmonitor.repoview/src/net/sourceforge/svnmonitor/repoview/actions</path>
<path
   action="M"
   prop-mods="false"
   text-mods="true"
   kind="">/trunk/plugins/net.sourceforge.svnmonitor.repoview/src/net/sourceforge/svnmonitor/repoview/views/RepoView.java</path>
<path
   text-mods="true"
   kind=""
   action="A"
   prop-mods="false">/trunk/plugins/net.sourceforge.svnmonitor.repoview/src/net/sourceforge/svnmonitor/repoview/views/RepoViewContentProvider.java</path>
<path
   text-mods="true"
   kind=""
   action="A"
   prop-mods="false">/trunk/plugins/net.sourceforge.svnmonitor.repoview/src/net/sourceforge/svnmonitor/repoview/views/RepoViewLabelProvider.java</path>
<path
   action="M"
   prop-mods="false"
   text-mods="true"
   kind="">/trunk/plugins/net.sourceforge.svnmonitor.workbench/svnmonitor.product</path>
</paths>
<msg>repo model, repo view , content provider, label provider</msg>
</logentry>
<logentry
   revision="3">
<author>edmund_wagner</author>
<date>2009-04-10T10:06:45.062753Z</date>
<paths>
<path
   action="M"
   prop-mods="true"
   text-mods="false"
   kind="">/trunk</path>
<path
   action="M"
   prop-mods="true"
   text-mods="false"
   kind="">/trunk/plugins/net.sourceforge.svnmonitor.detailview</path>
<path
   text-mods="true"
   kind=""
   action="A"
   prop-mods="false">/trunk/plugins/net.sourceforge.svnmonitor.detailview/.classpath</path>
<path
   prop-mods="false"
   text-mods="true"
   kind=""
   action="A">/trunk/plugins/net.sourceforge.svnmonitor.detailview/.project</path>
<path
   action="A"
   prop-mods="false"
   text-mods="false"
   kind="">/trunk/plugins/net.sourceforge.svnmonitor.detailview/META-INF</path>
<path
   action="A"
   prop-mods="false"
   text-mods="true"
   kind="">/trunk/plugins/net.sourceforge.svnmonitor.detailview/META-INF/MANIFEST.MF</path>
<path
   text-mods="true"
   kind=""
   action="A"
   prop-mods="false">/trunk/plugins/net.sourceforge.svnmonitor.detailview/build.properties</path>
<path
   prop-mods="false"
   text-mods="true"
   kind=""
   action="A">/trunk/plugins/net.sourceforge.svnmonitor.detailview/contexts.xml</path>
<path
   action="A"
   prop-mods="false"
   text-mods="false"
   kind="">/trunk/plugins/net.sourceforge.svnmonitor.detailview/icons</path>
<path
   action="A"
   prop-mods="true"
   text-mods="true"
   kind="">/trunk/plugins/net.sourceforge.svnmonitor.detailview/icons/sample.gif</path>
<path
   text-mods="true"
   kind=""
   action="A"
   prop-mods="false">/trunk/plugins/net.sourceforge.svnmonitor.detailview/plugin.xml</path>
<path
   action="A"
   prop-mods="false"
   text-mods="false"
   kind="">/trunk/plugins/net.sourceforge.svnmonitor.detailview/src</path>
<path
   action="A"
   prop-mods="false"
   text-mods="false"
   kind="">/trunk/plugins/net.sourceforge.svnmonitor.detailview/src/net</path>
<path
   action="A"
   prop-mods="false"
   text-mods="false"
   kind="">/trunk/plugins/net.sourceforge.svnmonitor.detailview/src/net/sourceforge</path>
<path
   action="A"
   prop-mods="false"
   text-mods="false"
   kind="">/trunk/plugins/net.sourceforge.svnmonitor.detailview/src/net/sourceforge/svnmonitor</path>
<path
   text-mods="false"
   kind=""
   action="A"
   prop-mods="false">/trunk/plugins/net.sourceforge.svnmonitor.detailview/src/net/sourceforge/svnmonitor/detailview</path>
<path
   text-mods="true"
   kind=""
   action="A"
   prop-mods="false">/trunk/plugins/net.sourceforge.svnmonitor.detailview/src/net/sourceforge/svnmonitor/detailview/DetailViewActivator.java</path>
<path
   prop-mods="false"
   text-mods="false"
   kind=""
   action="A">/trunk/plugins/net.sourceforge.svnmonitor.detailview/src/net/sourceforge/svnmonitor/detailview/views</path>
<path
   action="A"
   prop-mods="false"
   text-mods="true"
   kind="">/trunk/plugins/net.sourceforge.svnmonitor.detailview/src/net/sourceforge/svnmonitor/detailview/views/DetailView.java</path>
<path
   action="A"
   prop-mods="false"
   text-mods="false"
   kind="">/trunk/plugins/net.sourceforge.svnmonitor.lib</path>
<path
   kind=""
   action="A"
   prop-mods="false"
   text-mods="true">/trunk/plugins/net.sourceforge.svnmonitor.lib/.classpath</path>
<path
   action="A"
   prop-mods="false"
   text-mods="true"
   kind="">/trunk/plugins/net.sourceforge.svnmonitor.lib/.project</path>
<path
   text-mods="false"
   kind=""
   action="A"
   prop-mods="false">/trunk/plugins/net.sourceforge.svnmonitor.lib/META-INF</path>
<path
   text-mods="true"
   kind=""
   action="A"
   prop-mods="false">/trunk/plugins/net.sourceforge.svnmonitor.lib/META-INF/MANIFEST.MF</path>
<path
   action="A"
   prop-mods="false"
   text-mods="true"
   kind="">/trunk/plugins/net.sourceforge.svnmonitor.lib/build.properties</path>
<path
   prop-mods="true"
   text-mods="true"
   kind=""
   action="A">/trunk/plugins/net.sourceforge.svnmonitor.lib/jna.jar</path>
<path
   action="A"
   prop-mods="true"
   text-mods="true"
   kind="">/trunk/plugins/net.sourceforge.svnmonitor.lib/svnkit-cli.jar</path>
<path
   action="A"
   prop-mods="true"
   text-mods="true"
   kind="">/trunk/plugins/net.sourceforge.svnmonitor.lib/svnkit-javahl.jar</path>
<path
   text-mods="true"
   kind=""
   action="A"
   prop-mods="true">/trunk/plugins/net.sourceforge.svnmonitor.lib/svnkit.jar</path>
<path
   text-mods="true"
   kind=""
   action="A"
   prop-mods="true">/trunk/plugins/net.sourceforge.svnmonitor.lib/trilead.jar</path>
<path
   action="M"
   prop-mods="true"
   text-mods="false"
   kind="">/trunk/plugins/net.sourceforge.svnmonitor.logview</path>
<path
   text-mods="true"
   kind=""
   action="A"
   prop-mods="false">/trunk/plugins/net.sourceforge.svnmonitor.logview/.classpath</path>
<path
   text-mods="true"
   kind=""
   action="A"
   prop-mods="false">/trunk/plugins/net.sourceforge.svnmonitor.logview/.project</path>
<path
   text-mods="false"
   kind=""
   action="A"
   prop-mods="false">/trunk/plugins/net.sourceforge.svnmonitor.logview/META-INF</path>
<path
   text-mods="true"
   kind=""
   action="A"
   prop-mods="false">/trunk/plugins/net.sourceforge.svnmonitor.logview/META-INF/MANIFEST.MF</path>
<path
   action="A"
   prop-mods="false"
   text-mods="true"
   kind="">/trunk/plugins/net.sourceforge.svnmonitor.logview/build.properties</path>
<path
   prop-mods="false"
   text-mods="true"
   kind=""
   action="A">/trunk/plugins/net.sourceforge.svnmonitor.logview/contexts.xml</path>
<path
   prop-mods="false"
   text-mods="false"
   kind=""
   action="A">/trunk/plugins/net.sourceforge.svnmonitor.logview/icons</path>
<path
   prop-mods="true"
   text-mods="true"
   kind=""
   action="A">/trunk/plugins/net.sourceforge.svnmonitor.logview/icons/sample.gif</path>
<path
   action="A"
   prop-mods="false"
   text-mods="true"
   kind="">/trunk/plugins/net.sourceforge.svnmonitor.logview/plugin.xml</path>
<path
   action="A"
   prop-mods="false"
   text-mods="false"
   kind="">/trunk/plugins/net.sourceforge.svnmonitor.logview/src</path>
<path
   action="A"
   prop-mods="false"
   text-mods="false"
   kind="">/trunk/plugins/net.sourceforge.svnmonitor.logview/src/net</path>
<path
   kind=""
   action="A"
   prop-mods="false"
   text-mods="false">/trunk/plugins/net.sourceforge.svnmonitor.logview/src/net/sourceforge</path>
<path
   action="A"
   prop-mods="false"
   text-mods="false"
   kind="">/trunk/plugins/net.sourceforge.svnmonitor.logview/src/net/sourceforge/svnmonitor</path>
<path
   action="A"
   prop-mods="false"
   text-mods="false"
   kind="">/trunk/plugins/net.sourceforge.svnmonitor.logview/src/net/sourceforge/svnmonitor/logview</path>
<path
   text-mods="true"
   kind=""
   action="A"
   prop-mods="false">/trunk/plugins/net.sourceforge.svnmonitor.logview/src/net/sourceforge/svnmonitor/logview/LogViewActivator.java</path>
<path
   action="A"
   prop-mods="false"
   text-mods="false"
   kind="">/trunk/plugins/net.sourceforge.svnmonitor.logview/src/net/sourceforge/svnmonitor/logview/views</path>
<path
   text-mods="true"
   kind=""
   action="A"
   prop-mods="false">/trunk/plugins/net.sourceforge.svnmonitor.logview/src/net/sourceforge/svnmonitor/logview/views/LogView.java</path>
<path
   prop-mods="true"
   text-mods="false"
   kind=""
   action="M">/trunk/plugins/net.sourceforge.svnmonitor.model</path>
<path
   action="A"
   prop-mods="false"
   text-mods="true"
   kind="">/trunk/plugins/net.sourceforge.svnmonitor.model/.classpath</path>
<path
   action="A"
   prop-mods="false"
   text-mods="true"
   kind="">/trunk/plugins/net.sourceforge.svnmonitor.model/.project</path>
<path
   text-mods="false"
   kind=""
   action="A"
   prop-mods="false">/trunk/plugins/net.sourceforge.svnmonitor.model/META-INF</path>
<path
   prop-mods="false"
   text-mods="true"
   kind=""
   action="A">/trunk/plugins/net.sourceforge.svnmonitor.model/META-INF/MANIFEST.MF</path>
<path
   action="A"
   prop-mods="false"
   text-mods="true"
   kind="">/trunk/plugins/net.sourceforge.svnmonitor.model/build.properties</path>
<path
   kind=""
   action="A"
   prop-mods="false"
   text-mods="false">/trunk/plugins/net.sourceforge.svnmonitor.model/src</path>
<path
   action="A"
   prop-mods="false"
   text-mods="false"
   kind="">/trunk/plugins/net.sourceforge.svnmonitor.model/src/net</path>
<path
   text-mods="false"
   kind=""
   action="A"
   prop-mods="false">/trunk/plugins/net.sourceforge.svnmonitor.model/src/net/sourceforge</path>
<path
   action="A"
   prop-mods="false"
   text-mods="false"
   kind="">/trunk/plugins/net.sourceforge.svnmonitor.model/src/net/sourceforge/svnmonitor</path>
<path
   action="A"
   prop-mods="false"
   text-mods="false"
   kind="">/trunk/plugins/net.sourceforge.svnmonitor.model/src/net/sourceforge/svnmonitor/model</path>
<path
   action="A"
   prop-mods="false"
   text-mods="true"
   kind="">/trunk/plugins/net.sourceforge.svnmonitor.model/src/net/sourceforge/svnmonitor/model/Activator.java</path>
<path
   text-mods="false"
   kind=""
   action="M"
   prop-mods="true">/trunk/plugins/net.sourceforge.svnmonitor.repoview</path>
<path
   prop-mods="false"
   text-mods="true"
   kind=""
   action="A">/trunk/plugins/net.sourceforge.svnmonitor.repoview/.classpath</path>
<path
   action="A"
   prop-mods="false"
   text-mods="true"
   kind="">/trunk/plugins/net.sourceforge.svnmonitor.repoview/.project</path>
<path
   action="A"
   prop-mods="false"
   text-mods="false"
   kind="">/trunk/plugins/net.sourceforge.svnmonitor.repoview/META-INF</path>
<path
   text-mods="true"
   kind=""
   action="A"
   prop-mods="false">/trunk/plugins/net.sourceforge.svnmonitor.repoview/META-INF/MANIFEST.MF</path>
<path
   action="A"
   prop-mods="false"
   text-mods="true"
   kind="">/trunk/plugins/net.sourceforge.svnmonitor.repoview/build.properties</path>
<path
   action="A"
   prop-mods="false"
   text-mods="true"
   kind="">/trunk/plugins/net.sourceforge.svnmonitor.repoview/contexts.xml</path>
<path
   action="A"
   prop-mods="false"
   text-mods="false"
   kind="">/trunk/plugins/net.sourceforge.svnmonitor.repoview/icons</path>
<path
   action="A"
   prop-mods="true"
   text-mods="true"
   kind="">/trunk/plugins/net.sourceforge.svnmonitor.repoview/icons/sample.gif</path>
<path
   text-mods="true"
   kind=""
   action="A"
   prop-mods="false">/trunk/plugins/net.sourceforge.svnmonitor.repoview/plugin.xml</path>
<path
   text-mods="false"
   kind=""
   action="A"
   prop-mods="false">/trunk/plugins/net.sourceforge.svnmonitor.repoview/src</path>
<path
   prop-mods="false"
   text-mods="false"
   kind=""
   action="A">/trunk/plugins/net.sourceforge.svnmonitor.repoview/src/net</path>
<path
   action="A"
   prop-mods="false"
   text-mods="false"
   kind="">/trunk/plugins/net.sourceforge.svnmonitor.repoview/src/net/sourceforge</path>
<path
   action="A"
   prop-mods="false"
   text-mods="false"
   kind="">/trunk/plugins/net.sourceforge.svnmonitor.repoview/src/net/sourceforge/svnmonitor</path>
<path
   action="A"
   prop-mods="false"
   text-mods="false"
   kind="">/trunk/plugins/net.sourceforge.svnmonitor.repoview/src/net/sourceforge/svnmonitor/repoview</path>
<path
   text-mods="true"
   kind=""
   action="A"
   prop-mods="false">/trunk/plugins/net.sourceforge.svnmonitor.repoview/src/net/sourceforge/svnmonitor/repoview/RepoViewActivator.java</path>
<path
   action="A"
   prop-mods="false"
   text-mods="false"
   kind="">/trunk/plugins/net.sourceforge.svnmonitor.repoview/src/net/sourceforge/svnmonitor/repoview/views</path>
<path
   prop-mods="false"
   text-mods="true"
   kind=""
   action="A">/trunk/plugins/net.sourceforge.svnmonitor.repoview/src/net/sourceforge/svnmonitor/repoview/views/RepoView.java</path>
<path
   action="M"
   prop-mods="true"
   text-mods="false"
   kind="">/trunk/plugins/net.sourceforge.svnmonitor.workbench</path>
<path
   action="A"
   prop-mods="false"
   text-mods="true"
   kind="">/trunk/plugins/net.sourceforge.svnmonitor.workbench/.classpath</path>
<path
   kind=""
   action="A"
   prop-mods="false"
   text-mods="true">/trunk/plugins/net.sourceforge.svnmonitor.workbench/.project</path>
<path
   action="A"
   prop-mods="false"
   text-mods="false"
   kind="">/trunk/plugins/net.sourceforge.svnmonitor.workbench/META-INF</path>
<path
   action="A"
   prop-mods="false"
   text-mods="true"
   kind="">/trunk/plugins/net.sourceforge.svnmonitor.workbench/META-INF/MANIFEST.MF</path>
<path
   prop-mods="false"
   text-mods="true"
   kind=""
   action="A">/trunk/plugins/net.sourceforge.svnmonitor.workbench/build.properties</path>
<path
   action="A"
   prop-mods="false"
   text-mods="true"
   kind="">/trunk/plugins/net.sourceforge.svnmonitor.workbench/config.ini</path>
<path
   action="A"
   prop-mods="false"
   text-mods="false"
   kind="">/trunk/plugins/net.sourceforge.svnmonitor.workbench/icons</path>
<path
   action="A"
   prop-mods="true"
   text-mods="true"
   kind="">/trunk/plugins/net.sourceforge.svnmonitor.workbench/icons/alt_about.gif</path>
<path
   text-mods="true"
   kind=""
   action="A"
   prop-mods="true">/trunk/plugins/net.sourceforge.svnmonitor.workbench/icons/alt_launcher.icns</path>
<path
   prop-mods="true"
   text-mods="true"
   kind=""
   action="A">/trunk/plugins/net.sourceforge.svnmonitor.workbench/icons/alt_launcher.ico</path>
<path
   action="A"
   prop-mods="false"
   text-mods="true"
   kind="">/trunk/plugins/net.sourceforge.svnmonitor.workbench/icons/alt_launcher.xpm</path>
<path
   kind=""
   action="A"
   prop-mods="true"
   text-mods="true">/trunk/plugins/net.sourceforge.svnmonitor.workbench/icons/alt_window_16.gif</path>
<path
   text-mods="true"
   kind=""
   action="A"
   prop-mods="true">/trunk/plugins/net.sourceforge.svnmonitor.workbench/icons/alt_window_32.gif</path>
<path
   action="A"
   prop-mods="false"
   text-mods="true"
   kind="">/trunk/plugins/net.sourceforge.svnmonitor.workbench/plugin.xml</path>
<path
   prop-mods="false"
   text-mods="true"
   kind=""
   action="A">/trunk/plugins/net.sourceforge.svnmonitor.workbench/plugin_customization.ini</path>
<path
   action="A"
   prop-mods="false"
   text-mods="false"
   kind="">/trunk/plugins/net.sourceforge.svnmonitor.workbench/src</path>
<path
   action="A"
   prop-mods="false"
   text-mods="false"
   kind="">/trunk/plugins/net.sourceforge.svnmonitor.workbench/src/net</path>
<path
   text-mods="false"
   kind=""
   action="A"
   prop-mods="false">/trunk/plugins/net.sourceforge.svnmonitor.workbench/src/net/sourceforge</path>
<path
   prop-mods="false"
   text-mods="false"
   kind=""
   action="A">/trunk/plugins/net.sourceforge.svnmonitor.workbench/src/net/sourceforge/svnmonitor</path>
<path
   action="A"
   prop-mods="false"
   text-mods="false"
   kind="">/trunk/plugins/net.sourceforge.svnmonitor.workbench/src/net/sourceforge/svnmonitor/workbench</path>
<path
   kind=""
   action="A"
   prop-mods="false"
   text-mods="true">/trunk/plugins/net.sourceforge.svnmonitor.workbench/src/net/sourceforge/svnmonitor/workbench/ApplicationActionBarAdvisor.java</path>
<path
   text-mods="true"
   kind=""
   action="A"
   prop-mods="false">/trunk/plugins/net.sourceforge.svnmonitor.workbench/src/net/sourceforge/svnmonitor/workbench/ApplicationWorkbenchAdvisor.java</path>
<path
   action="A"
   prop-mods="false"
   text-mods="true"
   kind="">/trunk/plugins/net.sourceforge.svnmonitor.workbench/src/net/sourceforge/svnmonitor/workbench/ApplicationWorkbenchWindowAdvisor.java</path>
<path
   action="A"
   prop-mods="false"
   text-mods="true"
   kind="">/trunk/plugins/net.sourceforge.svnmonitor.workbench/src/net/sourceforge/svnmonitor/workbench/Perspective.java</path>
<path
   kind=""
   action="A"
   prop-mods="false"
   text-mods="true">/trunk/plugins/net.sourceforge.svnmonitor.workbench/src/net/sourceforge/svnmonitor/workbench/SvnMonitorApplication.java</path>
<path
   text-mods="true"
   kind=""
   action="A"
   prop-mods="false">/trunk/plugins/net.sourceforge.svnmonitor.workbench/src/net/sourceforge/svnmonitor/workbench/WorkbenchActivator.java</path>
<path
   text-mods="true"
   kind=""
   action="A"
   prop-mods="false">/trunk/plugins/net.sourceforge.svnmonitor.workbench/svnmonitor.product</path>
</paths>
<msg>added sampe view plugins, lib plugin, model plugin </msg>
</logentry>
<logentry
   revision="2">
<author>edmund_wagner</author>
<date>2009-04-03T22:28:34.782485Z</date>
<paths>
<path
   text-mods="false"
   kind=""
   action="A"
   prop-mods="false">/trunk/doc</path>
<path
   text-mods="false"
   kind=""
   action="A"
   prop-mods="false">/trunk/features</path>
<path
   prop-mods="false"
   text-mods="false"
   kind=""
   action="A">/trunk/features/net.sourceforge.svnmonitor.feature</path>
<path
   action="A"
   prop-mods="false"
   text-mods="false"
   kind="">/trunk/plugins</path>
<path
   kind=""
   action="A"
   prop-mods="false"
   text-mods="false">/trunk/plugins/net.sourceforge.svnmonitor.detailview</path>
<path
   action="A"
   prop-mods="false"
   text-mods="false"
   kind="">/trunk/plugins/net.sourceforge.svnmonitor.logview</path>
<path
   action="A"
   prop-mods="false"
   text-mods="false"
   kind="">/trunk/plugins/net.sourceforge.svnmonitor.model</path>
<path
   kind=""
   action="A"
   prop-mods="false"
   text-mods="false">/trunk/plugins/net.sourceforge.svnmonitor.repoview</path>
<path
   action="A"
   prop-mods="false"
   text-mods="false"
   kind="">/trunk/plugins/net.sourceforge.svnmonitor.workbench</path>
</paths>
<msg>added some folders
</msg>
</logentry>
<logentry
   revision="1">
<author>edmund_wagner</author>
<date>2009-04-02T20:47:07.814057Z</date>
<paths>
<path
   action="A"
   prop-mods="false"
   text-mods="false"
   kind="">/branches</path>
<path
   action="A"
   prop-mods="false"
   text-mods="false"
   kind="">/tags</path>
<path
   action="A"
   prop-mods="false"
   text-mods="false"
   kind="">/trunk</path>
</paths>
<msg>initial folder structure</msg>
</logentry>
</log>
